-------------------------------------------------------------------------------
Test set: edu.matc.copcoderest.persistence.GenericDaoTest
-------------------------------------------------------------------------------
<<<<<<< HEAD
Tests run: 5, Failures: 0, Errors: 0, Skipped: 0, Time elapsed: 2.19 sec
=======
<<<<<<< HEAD
Tests run: 5, Failures: 0, Errors: 0, Skipped: 0, Time elapsed: 1.775 sec
=======
Tests run: 5, Failures: 0, Errors: 0, Skipped: 0, Time elapsed: 3.586 sec
>>>>>>> 74898dc4004d8ebd041fb951aea9d1563b420154
>>>>>>> 0ace15324e7422d10fd5210316d92219add9b8bf
>>>>>>> d5af68afabba38d6c008bf72980bd573392b5165
